<?xml version="1.0" encoding="UTF-8"?>
<!-- Generated by org.testng.reporters.JUnitXMLReporter -->
<testsuite ignored="0" hostname="Thirosh" failures="0" tests="4" name="Default test" time="8.834" errors="0" timestamp="2024-02-09T15:07:01 IST">
  <testcase classname="api.testCases.UserTest" name="newCreateUser" time="3.234"/>
  <testcase classname="api.testCases.UserTest" name="getUserData" time="2.288"/>
  <testcase classname="api.testCases.UserTest" name="updateUserData" time="1.7"/>
  <testcase classname="api.testCases.UserTest" name="deleteUserData" time="1.332"/>
</testsuite> <!-- Default test -->
